Start testing: Jul 02 09:53 中国标准时间
----------------------------------------------------------
12/13 Testing: riscv_elf_loader_edges_test
12/13 Test: riscv_elf_loader_edges_test
Command: "D:/1-RISC-V/RISC-V/build/riscv_elf_loader_edges_test.exe"
Directory: D:/1-RISC-V/RISC-V/build
"riscv_elf_loader_edges_test" start time: Jul 02 09:53 中国标准时间
Output:
----------------------------------------------------------
<end of output>
Test time =   0.05 sec
----------------------------------------------------------
Test Passed.
"riscv_elf_loader_edges_test" end time: Jul 02 09:53 中国标准时间
"riscv_elf_loader_edges_test" time elapsed: 00:00:00
----------------------------------------------------------

13/13 Testing: riscv_illegal_exit_test
13/13 Test: riscv_illegal_exit_test
Command: "D:/1-RISC-V/RISC-V/build/riscv_illegal_exit_test.exe"
Directory: D:/1-RISC-V/RISC-V/build
"riscv_illegal_exit_test" start time: Jul 02 09:53 中国标准时间
Output:
----------------------------------------------------------
<end of output>
Test time =   0.49 sec
----------------------------------------------------------
Test Passed.
"riscv_illegal_exit_test" end time: Jul 02 09:53 中国标准时间
"riscv_illegal_exit_test" time elapsed: 00:00:00
----------------------------------------------------------

End testing: Jul 02 09:53 中国标准时间
